# JRE version: Java(TM) SE Runtime Environment (8.0_51-b16) (build 1.8.0_51-b16)
# Java VM: Java HotSpot(TM) 64-Bit Server VM (25.51-b03 mixed mode windows-amd64 compressed oops)
Heap:
 PSYoungGen      total 256000K, used 26618K [0x00000000d6200000, 0x00000000ea200000, 0x0000000100000000)
  eden space 241152K, 8% used [0x00000000d6200000,0x00000000d75414a0,0x00000000e4d80000)
  from space 14848K, 46% used [0x00000000e4d80000,0x00000000e543d658,0x00000000e5c00000)
  to   space 14336K, 0% used [0x00000000e9400000,0x00000000e9400000,0x00000000ea200000)
 ParOldGen       total 84992K, used 25113K [0x0000000082600000, 0x0000000087900000, 0x00000000d6200000)
  object space 84992K, 29% used [0x0000000082600000,0x0000000083e86610,0x0000000087900000)
 Metaspace       used 44427K, capacity 46332K, committed 46552K, reserved 1089536K
  class space    used 5702K, capacity 6062K, committed 6104K, reserved 1048576K
GC Heap History (10 events):
Event: 4.673 GC heap before
{Heap before GC invocations=9 (full 1):
 PSYoungGen      total 135680K, used 135664K [0x00000000d6200000, 0x00000000e2280000, 0x0000000100000000)
  eden space 127488K, 100% used [0x00000000d6200000,0x00000000dde80000,0x00000000dde80000)
  from space 8192K, 99% used [0x00000000dde80000,0x00000000de67c138,0x00000000de680000)
  to   space 9216K, 0% used [0x00000000e1980000,0x00000000e1980000,0x00000000e2280000)
 ParOldGen       total 54272K, used 7642K [0x0000000082600000, 0x0000000085b00000, 0x00000000d6200000)
  object space 54272K, 14% used [0x0000000082600000,0x0000000082d76b38,0x0000000085b00000)
 Metaspace       used 30617K, capacity 31838K, committed 32128K, reserved 1077248K
  class space    used 3935K, capacity 4175K, committed 4224K, reserved 1048576K
Event: 4.681 GC heap after
Heap after GC invocations=9 (full 1):
 PSYoungGen      total 185856K, used 9203K [0x00000000d6200000, 0x00000000e4380000, 0x0000000100000000)
  eden space 176640K, 0% used [0x00000000d6200000,0x00000000d6200000,0x00000000e0e80000)
  from space 9216K, 99% used [0x00000000e1980000,0x00000000e227ceb8,0x00000000e2280000)
  to   space 11264K, 0% used [0x00000000e0e80000,0x00000000e0e80000,0x00000000e1980000)
 ParOldGen       total 54272K, used 9889K [0x0000000082600000, 0x0000000085b00000, 0x00000000d6200000)
  object space 54272K, 18% used [0x0000000082600000,0x0000000082fa8538,0x0000000085b00000)
 Metaspace       used 30617K, capacity 31838K, committed 32128K, reserved 1077248K
  class space    used 3935K, capacity 4175K, committed 4224K, reserved 1048576K
}
Event: 5.306 GC heap before
{Heap before GC invocations=10 (full 1):
 PSYoungGen      total 185856K, used 135931K [0x00000000d6200000, 0x00000000e4380000, 0x0000000100000000)
  eden space 176640K, 71% used [0x00000000d6200000,0x00000000dddc1fb0,0x00000000e0e80000)
  from space 9216K, 99% used [0x00000000e1980000,0x00000000e227ceb8,0x00000000e2280000)
  to   space 11264K, 0% used [0x00000000e0e80000,0x00000000e0e80000,0x00000000e1980000)
 ParOldGen       total 54272K, used 9889K [0x0000000082600000, 0x0000000085b00000, 0x00000000d6200000)
  object space 54272K, 18% used [0x0000000082600000,0x0000000082fa8538,0x0000000085b00000)
 Metaspace       used 34071K, capacity 35298K, committed 35416K, reserved 1079296K
  class space    used 4382K, capacity 4637K, committed 4696K, reserved 1048576K
Event: 5.316 GC heap after
Heap after GC invocations=10 (full 1):
 PSYoungGen      total 187904K, used 11241K [0x00000000d6200000, 0x00000000e6a80000, 0x0000000100000000)
  eden space 176640K, 0% used [0x00000000d6200000,0x00000000d6200000,0x00000000e0e80000)
  from space 11264K, 99% used [0x00000000e0e80000,0x00000000e197a400,0x00000000e1980000)
  to   space 13312K, 0% used [0x00000000e5d80000,0x00000000e5d80000,0x00000000e6a80000)
 ParOldGen       total 54272K, used 11345K [0x0000000082600000, 0x0000000085b00000, 0x00000000d6200000)
  object space 54272K, 20% used [0x0000000082600000,0x00000000831144e8,0x0000000085b00000)
 Metaspace       used 34071K, capacity 35298K, committed 35416K, reserved 1079296K
  class space    used 4382K, capacity 4637K, committed 4696K, reserved 1048576K
}
Event: 5.316 GC heap before
{Heap before GC invocations=11 (full 2):
 PSYoungGen      total 187904K, used 11241K [0x00000000d6200000, 0x00000000e6a80000, 0x0000000100000000)
  eden space 176640K, 0% used [0x00000000d6200000,0x00000000d6200000,0x00000000e0e80000)
  from space 11264K, 99% used [0x00000000e0e80000,0x00000000e197a400,0x00000000e1980000)
  to   space 13312K, 0% used [0x00000000e5d80000,0x00000000e5d80000,0x00000000e6a80000)
 ParOldGen       total 54272K, used 11345K [0x0000000082600000, 0x0000000085b00000, 0x00000000d6200000)
  object space 54272K, 20% used [0x0000000082600000,0x00000000831144e8,0x0000000085b00000)
 Metaspace       used 34071K, capacity 35298K, committed 35416K, reserved 1079296K
  class space    used 4382K, capacity 4637K, committed 4696K, reserved 1048576K
Event: 5.371 GC heap after
Heap after GC invocations=11 (full 2):
 PSYoungGen      total 187904K, used 0K [0x00000000d6200000, 0x00000000e6a80000, 0x0000000100000000)
  eden space 176640K, 0% used [0x00000000d6200000,0x00000000d6200000,0x00000000e0e80000)
  from space 11264K, 0% used [0x00000000e0e80000,0x00000000e0e80000,0x00000000e1980000)
  to   space 13312K, 0% used [0x00000000e5d80000,0x00000000e5d80000,0x00000000e6a80000)
 ParOldGen       total 84992K, used 17540K [0x0000000082600000, 0x0000000087900000, 0x00000000d6200000)
  object space 84992K, 20% used [0x0000000082600000,0x0000000083721198,0x0000000087900000)
 Metaspace       used 34071K, capacity 35298K, committed 35416K, reserved 1079296K
  class space    used 4382K, capacity 4637K, committed 4696K, reserved 1048576K
}
Event: 6.442 GC heap before
{Heap before GC invocations=12 (full 2):
 PSYoungGen      total 187904K, used 176640K [0x00000000d6200000, 0x00000000e6a80000, 0x0000000100000000)
  eden space 176640K, 100% used [0x00000000d6200000,0x00000000e0e80000,0x00000000e0e80000)
  from space 11264K, 0% used [0x00000000e0e80000,0x00000000e0e80000,0x00000000e1980000)
  to   space 13312K, 0% used [0x00000000e5d80000,0x00000000e5d80000,0x00000000e6a80000)
 ParOldGen       total 84992K, used 17540K [0x0000000082600000, 0x0000000087900000, 0x00000000d6200000)
  object space 84992K, 20% used [0x0000000082600000,0x0000000083721198,0x0000000087900000)
 Metaspace       used 40695K, capacity 42298K, committed 42456K, reserved 1085440K
  class space    used 5178K, capacity 5499K, committed 5592K, reserved 1048576K
Event: 6.452 GC heap after
Heap after GC invocations=12 (full 2):
 PSYoungGen      total 243712K, used 13286K [0x00000000d6200000, 0x00000000e6a80000, 0x0000000100000000)
  eden space 230400K, 0% used [0x00000000d6200000,0x00000000d6200000,0x00000000e4300000)
  from space 13312K, 99% used [0x00000000e5d80000,0x00000000e6a798a8,0x00000000e6a80000)
  to   space 14848K, 0% used [0x00000000e4d80000,0x00000000e4d80000,0x00000000e5c00000)
 ParOldGen       total 84992K, used 17561K [0x0000000082600000, 0x0000000087900000, 0x00000000d6200000)
  object space 84992K, 20% used [0x0000000082600000,0x0000000083726438,0x0000000087900000)
 Metaspace       used 40695K, capacity 42298K, committed 42456K, reserved 1085440K
  class space    used 5178K, capacity 5499K, committed 5592K, reserved 1048576K
}
Event: 7.446 GC heap before
{Heap before GC invocations=13 (full 2):
 PSYoungGen      total 243712K, used 243686K [0x00000000d6200000, 0x00000000e6a80000, 0x0000000100000000)
  eden space 230400K, 100% used [0x00000000d6200000,0x00000000e4300000,0x00000000e4300000)
  from space 13312K, 99% used [0x00000000e5d80000,0x00000000e6a798a8,0x00000000e6a80000)
  to   space 14848K, 0% used [0x00000000e4d80000,0x00000000e4d80000,0x00000000e5c00000)
 ParOldGen       total 84992K, used 17561K [0x0000000082600000, 0x0000000087900000, 0x00000000d6200000)
  object space 84992K, 20% used [0x0000000082600000,0x0000000083726438,0x0000000087900000)
 Metaspace       used 43413K, capacity 45238K, committed 45400K, reserved 1089536K
  class space    used 5574K, capacity 5901K, committed 5976K, reserved 1048576K
Event: 7.458 GC heap after
Heap after GC invocations=13 (full 2):
 PSYoungGen      total 256000K, used 6901K [0x00000000d6200000, 0x00000000ea200000, 0x0000000100000000)
  eden space 241152K, 0% used [0x00000000d6200000,0x00000000d6200000,0x00000000e4d80000)
  from space 14848K, 46% used [0x00000000e4d80000,0x00000000e543d658,0x00000000e5c00000)
  to   space 14336K, 0% used [0x00000000e9400000,0x00000000e9400000,0x00000000ea200000)
 ParOldGen       total 84992K, used 25113K [0x0000000082600000, 0x0000000087900000, 0x00000000d6200000)
  object space 84992K, 29% used [0x0000000082600000,0x0000000083e86610,0x0000000087900000)
 Metaspace       used 43413K, capacity 45238K, committed 45400K, reserved 1089536K
  class space    used 5574K, capacity 5901K, committed 5976K, reserved 1048576K
}

