# JRE version: Java(TM) SE Runtime Environment (8.0_51-b16) (build 1.8.0_51-b16)
# Java VM: Java HotSpot(TM) 64-Bit Server VM (25.51-b03 mixed mode windows-amd64 compressed oops)
Heap:
 PSYoungGen      total 585216K, used 57148K [0x00000000d6200000, 0x00000000fbb80000, 0x0000000100000000)
  eden space 559616K, 6% used [0x00000000d6200000,0x00000000d8368808,0x00000000f8480000)
  from space 25600K, 89% used [0x00000000f8980000,0x00000000f9fe6980,0x00000000fa280000)
  to   space 17920K, 0% used [0x00000000faa00000,0x00000000faa00000,0x00000000fbb80000)
 ParOldGen       total 121856K, used 43396K [0x0000000082600000, 0x0000000089d00000, 0x00000000d6200000)
  object space 121856K, 35% used [0x0000000082600000,0x0000000085061268,0x0000000089d00000)
 Metaspace       used 80319K, capacity 83640K, committed 83928K, reserved 1122304K
  class space    used 10812K, capacity 11360K, committed 11480K, reserved 1048576K
GC Heap History (10 events):
Event: 12.295 GC heap before
{Heap before GC invocations=12 (full 2):
 PSYoungGen      total 339968K, used 339951K [0x00000000d6200000, 0x00000000f0680000, 0x0000000100000000)
  eden space 324096K, 100% used [0x00000000d6200000,0x00000000e9e80000,0x00000000e9e80000)
  from space 15872K, 99% used [0x00000000e9e80000,0x00000000eadfbee0,0x00000000eae00000)
  to   space 18944K, 0% used [0x00000000ef400000,0x00000000ef400000,0x00000000f0680000)
 ParOldGen       total 90624K, used 21481K [0x0000000082600000, 0x0000000087e80000, 0x00000000d6200000)
  object space 90624K, 23% used [0x0000000082600000,0x0000000083afa558,0x0000000087e80000)
 Metaspace       used 56256K, capacity 58368K, committed 58712K, reserved 1099776K
  class space    used 7336K, capacity 7742K, committed 7768K, reserved 1048576K
Event: 12.311 GC heap after
Heap after GC invocations=12 (full 2):
 PSYoungGen      total 405504K, used 18939K [0x00000000d6200000, 0x00000000f2700000, 0x0000000100000000)
  eden space 386560K, 0% used [0x00000000d6200000,0x00000000d6200000,0x00000000edb80000)
  from space 18944K, 99% used [0x00000000ef400000,0x00000000f067ef00,0x00000000f0680000)
  to   space 25088K, 0% used [0x00000000edb80000,0x00000000edb80000,0x00000000ef400000)
 ParOldGen       total 90624K, used 31127K [0x0000000082600000, 0x0000000087e80000, 0x00000000d6200000)
  object space 90624K, 34% used [0x0000000082600000,0x0000000084465f68,0x0000000087e80000)
 Metaspace       used 56256K, capacity 58368K, committed 58712K, reserved 1099776K
  class space    used 7336K, capacity 7742K, committed 7768K, reserved 1048576K
}
Event: 12.370 GC heap before
{Heap before GC invocations=13 (full 2):
 PSYoungGen      total 405504K, used 40169K [0x00000000d6200000, 0x00000000f2700000, 0x0000000100000000)
  eden space 386560K, 5% used [0x00000000d6200000,0x00000000d76bb8e8,0x00000000edb80000)
  from space 18944K, 99% used [0x00000000ef400000,0x00000000f067ef00,0x00000000f0680000)
  to   space 25088K, 0% used [0x00000000edb80000,0x00000000edb80000,0x00000000ef400000)
 ParOldGen       total 90624K, used 31127K [0x0000000082600000, 0x0000000087e80000, 0x00000000d6200000)
  object space 90624K, 34% used [0x0000000082600000,0x0000000084465f68,0x0000000087e80000)
 Metaspace       used 56708K, capacity 58798K, committed 59028K, reserved 1099776K
  class space    used 7411K, capacity 7815K, committed 7896K, reserved 1048576K
Event: 12.382 GC heap after
Heap after GC invocations=13 (full 2):
 PSYoungGen      total 411648K, used 7007K [0x00000000d6200000, 0x00000000fc200000, 0x0000000100000000)
  eden space 386560K, 0% used [0x00000000d6200000,0x00000000d6200000,0x00000000edb80000)
  from space 25088K, 27% used [0x00000000edb80000,0x00000000ee257d28,0x00000000ef400000)
  to   space 24576K, 0% used [0x00000000faa00000,0x00000000faa00000,0x00000000fc200000)
 ParOldGen       total 90624K, used 43647K [0x0000000082600000, 0x0000000087e80000, 0x00000000d6200000)
  object space 90624K, 48% used [0x0000000082600000,0x000000008509fd80,0x0000000087e80000)
 Metaspace       used 56708K, capacity 58798K, committed 59028K, reserved 1099776K
  class space    used 7411K, capacity 7815K, committed 7896K, reserved 1048576K
}
Event: 12.382 GC heap before
{Heap before GC invocations=14 (full 3):
 PSYoungGen      total 411648K, used 7007K [0x00000000d6200000, 0x00000000fc200000, 0x0000000100000000)
  eden space 386560K, 0% used [0x00000000d6200000,0x00000000d6200000,0x00000000edb80000)
  from space 25088K, 27% used [0x00000000edb80000,0x00000000ee257d28,0x00000000ef400000)
  to   space 24576K, 0% used [0x00000000faa00000,0x00000000faa00000,0x00000000fc200000)
 ParOldGen       total 90624K, used 43647K [0x0000000082600000, 0x0000000087e80000, 0x00000000d6200000)
  object space 90624K, 48% used [0x0000000082600000,0x000000008509fd80,0x0000000087e80000)
 Metaspace       used 56708K, capacity 58798K, committed 59028K, reserved 1099776K
  class space    used 7411K, capacity 7815K, committed 7896K, reserved 1048576K
Event: 12.484 GC heap after
Heap after GC invocations=14 (full 3):
 PSYoungGen      total 411648K, used 0K [0x00000000d6200000, 0x00000000fc200000, 0x0000000100000000)
  eden space 386560K, 0% used [0x00000000d6200000,0x00000000d6200000,0x00000000edb80000)
  from space 25088K, 0% used [0x00000000edb80000,0x00000000edb80000,0x00000000ef400000)
  to   space 24576K, 0% used [0x00000000faa00000,0x00000000faa00000,0x00000000fc200000)
 ParOldGen       total 121856K, used 35588K [0x0000000082600000, 0x0000000089d00000, 0x00000000d6200000)
  object space 121856K, 29% used [0x0000000082600000,0x00000000848c11d8,0x0000000089d00000)
 Metaspace       used 56708K, capacity 58798K, committed 59028K, reserved 1099776K
  class space    used 7411K, capacity 7815K, committed 7896K, reserved 1048576K
}
Event: 14.115 GC heap before
{Heap before GC invocations=15 (full 3):
 PSYoungGen      total 411648K, used 386560K [0x00000000d6200000, 0x00000000fc200000, 0x0000000100000000)
  eden space 386560K, 100% used [0x00000000d6200000,0x00000000edb80000,0x00000000edb80000)
  from space 25088K, 0% used [0x00000000edb80000,0x00000000edb80000,0x00000000ef400000)
  to   space 24576K, 0% used [0x00000000faa00000,0x00000000faa00000,0x00000000fc200000)
 ParOldGen       total 121856K, used 35588K [0x0000000082600000, 0x0000000089d00000, 0x00000000d6200000)
  object space 121856K, 29% used [0x0000000082600000,0x00000000848c11d8,0x0000000089d00000)
 Metaspace       used 64446K, capacity 67162K, committed 67288K, reserved 1107968K
  class space    used 8568K, capacity 9051K, committed 9176K, reserved 1048576K
Event: 14.130 GC heap after
Heap after GC invocations=15 (full 3):
 PSYoungGen      total 577536K, used 17918K [0x00000000d6200000, 0x00000000fbb80000, 0x0000000100000000)
  eden space 559616K, 0% used [0x00000000d6200000,0x00000000d6200000,0x00000000f8480000)
  from space 17920K, 99% used [0x00000000faa00000,0x00000000fbb7f930,0x00000000fbb80000)
  to   space 25600K, 0% used [0x00000000f8980000,0x00000000f8980000,0x00000000fa280000)
 ParOldGen       total 121856K, used 35596K [0x0000000082600000, 0x0000000089d00000, 0x00000000d6200000)
  object space 121856K, 29% used [0x0000000082600000,0x00000000848c31d8,0x0000000089d00000)
 Metaspace       used 64446K, capacity 67162K, committed 67288K, reserved 1107968K
  class space    used 8568K, capacity 9051K, committed 9176K, reserved 1048576K
}
Event: 23.844 GC heap before
{Heap before GC invocations=16 (full 3):
 PSYoungGen      total 577536K, used 577534K [0x00000000d6200000, 0x00000000fbb80000, 0x0000000100000000)
  eden space 559616K, 100% used [0x00000000d6200000,0x00000000f8480000,0x00000000f8480000)
  from space 17920K, 99% used [0x00000000faa00000,0x00000000fbb7f930,0x00000000fbb80000)
  to   space 25600K, 0% used [0x00000000f8980000,0x00000000f8980000,0x00000000fa280000)
 ParOldGen       total 121856K, used 35596K [0x0000000082600000, 0x0000000089d00000, 0x00000000d6200000)
  object space 121856K, 29% used [0x0000000082600000,0x00000000848c31d8,0x0000000089d00000)
 Metaspace       used 78146K, capacity 81338K, committed 81624K, reserved 1120256K
  class space    used 10550K, capacity 11107K, committed 11224K, reserved 1048576K
Event: 23.875 GC heap after
Heap after GC invocations=16 (full 3):
 PSYoungGen      total 585216K, used 22938K [0x00000000d6200000, 0x00000000fbb80000, 0x0000000100000000)
  eden space 559616K, 0% used [0x00000000d6200000,0x00000000d6200000,0x00000000f8480000)
  from space 25600K, 89% used [0x00000000f8980000,0x00000000f9fe6980,0x00000000fa280000)
  to   space 17920K, 0% used [0x00000000faa00000,0x00000000faa00000,0x00000000fbb80000)
 ParOldGen       total 121856K, used 43396K [0x0000000082600000, 0x0000000089d00000, 0x00000000d6200000)
  object space 121856K, 35% used [0x0000000082600000,0x0000000085061268,0x0000000089d00000)
 Metaspace       used 78146K, capacity 81338K, committed 81624K, reserved 1120256K
  class space    used 10550K, capacity 11107K, committed 11224K, reserved 1048576K
}

