# JRE version: Java(TM) SE Runtime Environment (8.0_51-b16) (build 1.8.0_51-b16)
# Java VM: Java HotSpot(TM) 64-Bit Server VM (25.51-b03 mixed mode windows-amd64 compressed oops)
Heap:
 PSYoungGen      total 105984K, used 80954K [0x00000000d6200000, 0x00000000dd480000, 0x0000000100000000)
  eden space 97792K, 76% used [0x00000000d6200000,0x00000000daa9d6e0,0x00000000dc180000)
  from space 8192K, 80% used [0x00000000dc980000,0x00000000dcff1198,0x00000000dd180000)
  to   space 8192K, 0% used [0x00000000dc180000,0x00000000dc180000,0x00000000dc980000)
 ParOldGen       total 55808K, used 7675K [0x0000000082600000, 0x0000000085c80000, 0x00000000d6200000)
  object space 55808K, 13% used [0x0000000082600000,0x0000000082d7efb8,0x0000000085c80000)
 Metaspace       used 28852K, capacity 29880K, committed 30080K, reserved 1075200K
  class space    used 3660K, capacity 3894K, committed 3968K, reserved 1048576K
GC Heap History (10 events):
Event: 2.628 GC heap before
{Heap before GC invocations=5 (full 0):
 PSYoungGen      total 70656K, used 46805K [0x00000000d6200000, 0x00000000dac00000, 0x0000000100000000)
  eden space 65536K, 63% used [0x00000000d6200000,0x00000000d8ab6ad8,0x00000000da200000)
  from space 5120K, 99% used [0x00000000da700000,0x00000000dabfea60,0x00000000dac00000)
  to   space 5120K, 0% used [0x00000000da200000,0x00000000da200000,0x00000000da700000)
 ParOldGen       total 86016K, used 1706K [0x0000000082600000, 0x0000000087a00000, 0x00000000d6200000)
  object space 86016K, 1% used [0x0000000082600000,0x00000000827aaba8,0x0000000087a00000)
 Metaspace       used 20541K, capacity 21186K, committed 21248K, reserved 1067008K
  class space    used 2619K, capacity 2799K, committed 2816K, reserved 1048576K
Event: 2.633 GC heap after
Heap after GC invocations=5 (full 0):
 PSYoungGen      total 70656K, used 5097K [0x00000000d6200000, 0x00000000dac00000, 0x0000000100000000)
  eden space 65536K, 0% used [0x00000000d6200000,0x00000000d6200000,0x00000000da200000)
  from space 5120K, 99% used [0x00000000da200000,0x00000000da6fa610,0x00000000da700000)
  to   space 5120K, 0% used [0x00000000da700000,0x00000000da700000,0x00000000dac00000)
 ParOldGen       total 86016K, used 4391K [0x0000000082600000, 0x0000000087a00000, 0x00000000d6200000)
  object space 86016K, 5% used [0x0000000082600000,0x0000000082a49ed0,0x0000000087a00000)
 Metaspace       used 20541K, capacity 21186K, committed 21248K, reserved 1067008K
  class space    used 2619K, capacity 2799K, committed 2816K, reserved 1048576K
}
Event: 2.633 GC heap before
{Heap before GC invocations=6 (full 1):
 PSYoungGen      total 70656K, used 5097K [0x00000000d6200000, 0x00000000dac00000, 0x0000000100000000)
  eden space 65536K, 0% used [0x00000000d6200000,0x00000000d6200000,0x00000000da200000)
  from space 5120K, 99% used [0x00000000da200000,0x00000000da6fa610,0x00000000da700000)
  to   space 5120K, 0% used [0x00000000da700000,0x00000000da700000,0x00000000dac00000)
 ParOldGen       total 86016K, used 4391K [0x0000000082600000, 0x0000000087a00000, 0x00000000d6200000)
  object space 86016K, 5% used [0x0000000082600000,0x0000000082a49ed0,0x0000000087a00000)
 Metaspace       used 20541K, capacity 21186K, committed 21248K, reserved 1067008K
  class space    used 2619K, capacity 2799K, committed 2816K, reserved 1048576K
Event: 2.652 GC heap after
Heap after GC invocations=6 (full 1):
 PSYoungGen      total 70656K, used 0K [0x00000000d6200000, 0x00000000dac00000, 0x0000000100000000)
  eden space 65536K, 0% used [0x00000000d6200000,0x00000000d6200000,0x00000000da200000)
  from space 5120K, 0% used [0x00000000da200000,0x00000000da200000,0x00000000da700000)
  to   space 5120K, 0% used [0x00000000da700000,0x00000000da700000,0x00000000dac00000)
 ParOldGen       total 55808K, used 7651K [0x0000000082600000, 0x0000000085c80000, 0x00000000d6200000)
  object space 55808K, 13% used [0x0000000082600000,0x0000000082d78fb8,0x0000000085c80000)
 Metaspace       used 20539K, capacity 21180K, committed 21248K, reserved 1067008K
  class space    used 2618K, capacity 2798K, committed 2816K, reserved 1048576K
}
Event: 3.008 GC heap before
{Heap before GC invocations=7 (full 1):
 PSYoungGen      total 70656K, used 65536K [0x00000000d6200000, 0x00000000dac00000, 0x0000000100000000)
  eden space 65536K, 100% used [0x00000000d6200000,0x00000000da200000,0x00000000da200000)
  from space 5120K, 0% used [0x00000000da200000,0x00000000da200000,0x00000000da700000)
  to   space 5120K, 0% used [0x00000000da700000,0x00000000da700000,0x00000000dac00000)
 ParOldGen       total 55808K, used 7651K [0x0000000082600000, 0x0000000085c80000, 0x00000000d6200000)
  object space 55808K, 13% used [0x0000000082600000,0x0000000082d78fb8,0x0000000085c80000)
 Metaspace       used 24152K, capacity 24958K, committed 25088K, reserved 1071104K
  class space    used 3103K, capacity 3281K, committed 3328K, reserved 1048576K
Event: 3.011 GC heap after
Heap after GC invocations=7 (full 1):
 PSYoungGen      total 67584K, used 4516K [0x00000000d6200000, 0x00000000dda00000, 0x0000000100000000)
  eden space 62464K, 0% used [0x00000000d6200000,0x00000000d6200000,0x00000000d9f00000)
  from space 5120K, 88% used [0x00000000da700000,0x00000000dab69340,0x00000000dac00000)
  to   space 8192K, 0% used [0x00000000d9f00000,0x00000000d9f00000,0x00000000da700000)
 ParOldGen       total 55808K, used 7659K [0x0000000082600000, 0x0000000085c80000, 0x00000000d6200000)
  object space 55808K, 13% used [0x0000000082600000,0x0000000082d7afb8,0x0000000085c80000)
 Metaspace       used 24152K, capacity 24958K, committed 25088K, reserved 1071104K
  class space    used 3103K, capacity 3281K, committed 3328K, reserved 1048576K
}
Event: 4.853 GC heap before
{Heap before GC invocations=8 (full 1):
 PSYoungGen      total 67584K, used 66980K [0x00000000d6200000, 0x00000000dda00000, 0x0000000100000000)
  eden space 62464K, 100% used [0x00000000d6200000,0x00000000d9f00000,0x00000000d9f00000)
  from space 5120K, 88% used [0x00000000da700000,0x00000000dab69340,0x00000000dac00000)
  to   space 8192K, 0% used [0x00000000d9f00000,0x00000000d9f00000,0x00000000da700000)
 ParOldGen       total 55808K, used 7659K [0x0000000082600000, 0x0000000085c80000, 0x00000000d6200000)
  object space 55808K, 13% used [0x0000000082600000,0x0000000082d7afb8,0x0000000085c80000)
 Metaspace       used 26276K, capacity 27170K, committed 27392K, reserved 1073152K
  class space    used 3339K, capacity 3567K, committed 3584K, reserved 1048576K
Event: 4.855 GC heap after
Heap after GC invocations=8 (full 1):
 PSYoungGen      total 70656K, used 4798K [0x00000000d6200000, 0x00000000dd180000, 0x0000000100000000)
  eden space 62464K, 0% used [0x00000000d6200000,0x00000000d6200000,0x00000000d9f00000)
  from space 8192K, 58% used [0x00000000d9f00000,0x00000000da3afa20,0x00000000da700000)
  to   space 8192K, 0% used [0x00000000dc980000,0x00000000dc980000,0x00000000dd180000)
 ParOldGen       total 55808K, used 7667K [0x0000000082600000, 0x0000000085c80000, 0x00000000d6200000)
  object space 55808K, 13% used [0x0000000082600000,0x0000000082d7cfb8,0x0000000085c80000)
 Metaspace       used 26276K, capacity 27170K, committed 27392K, reserved 1073152K
  class space    used 3339K, capacity 3567K, committed 3584K, reserved 1048576K
}
Event: 5.094 GC heap before
{Heap before GC invocations=9 (full 1):
 PSYoungGen      total 70656K, used 67224K [0x00000000d6200000, 0x00000000dd180000, 0x0000000100000000)
  eden space 62464K, 99% used [0x00000000d6200000,0x00000000d9ef6940,0x00000000d9f00000)
  from space 8192K, 58% used [0x00000000d9f00000,0x00000000da3afa20,0x00000000da700000)
  to   space 8192K, 0% used [0x00000000dc980000,0x00000000dc980000,0x00000000dd180000)
 ParOldGen       total 55808K, used 7667K [0x0000000082600000, 0x0000000085c80000, 0x00000000d6200000)
  object space 55808K, 13% used [0x0000000082600000,0x0000000082d7cfb8,0x0000000085c80000)
 Metaspace       used 27517K, capacity 28482K, committed 28544K, reserved 1075200K
  class space    used 3468K, capacity 3711K, committed 3712K, reserved 1048576K
Event: 5.099 GC heap after
Heap after GC invocations=9 (full 1):
 PSYoungGen      total 105984K, used 6596K [0x00000000d6200000, 0x00000000dd480000, 0x0000000100000000)
  eden space 97792K, 0% used [0x00000000d6200000,0x00000000d6200000,0x00000000dc180000)
  from space 8192K, 80% used [0x00000000dc980000,0x00000000dcff1198,0x00000000dd180000)
  to   space 8192K, 0% used [0x00000000dc180000,0x00000000dc180000,0x00000000dc980000)
 ParOldGen       total 55808K, used 7675K [0x0000000082600000, 0x0000000085c80000, 0x00000000d6200000)
  object space 55808K, 13% used [0x0000000082600000,0x0000000082d7efb8,0x0000000085c80000)
 Metaspace       used 27517K, capacity 28482K, committed 28544K, reserved 1075200K
  class space    used 3468K, capacity 3711K, committed 3712K, reserved 1048576K
}

