# JRE version: Java(TM) SE Runtime Environment (8.0_51-b16) (build 1.8.0_51-b16)
# Java VM: Java HotSpot(TM) 64-Bit Server VM (25.51-b03 mixed mode windows-amd64 compressed oops)
Heap:
 PSYoungGen      total 336896K, used 44906K [0x00000000d6200000, 0x00000000efd00000, 0x0000000100000000)
  eden space 317952K, 8% used [0x00000000d6200000,0x00000000d7b60420,0x00000000e9880000)
  from space 18944K, 99% used [0x00000000eea80000,0x00000000efcfa780,0x00000000efd00000)
  to   space 15872K, 0% used [0x00000000e9880000,0x00000000e9880000,0x00000000ea800000)
 ParOldGen       total 93184K, used 29926K [0x0000000082600000, 0x0000000088100000, 0x00000000d6200000)
  object space 93184K, 32% used [0x0000000082600000,0x0000000084339958,0x0000000088100000)
 Metaspace       used 56524K, capacity 58614K, committed 59028K, reserved 1099776K
  class space    used 7369K, capacity 7781K, committed 7896K, reserved 1048576K
GC Heap History (10 events):
Event: 4.991 GC heap before
{Heap before GC invocations=8 (full 1):
 PSYoungGen      total 211456K, used 180218K [0x00000000d6200000, 0x00000000e4580000, 0x0000000100000000)
  eden space 201216K, 84% used [0x00000000d6200000,0x00000000e0801208,0x00000000e2680000)
  from space 10240K, 99% used [0x00000000e3200000,0x00000000e3bfd908,0x00000000e3c00000)
  to   space 11776K, 0% used [0x00000000e2680000,0x00000000e2680000,0x00000000e3200000)
 ParOldGen       total 58368K, used 11195K [0x0000000082600000, 0x0000000085f00000, 0x00000000d6200000)
  object space 58368K, 19% used [0x0000000082600000,0x00000000830eeca0,0x0000000085f00000)
 Metaspace       used 34065K, capacity 35298K, committed 35416K, reserved 1079296K
  class space    used 4383K, capacity 4637K, committed 4696K, reserved 1048576K
Event: 5.001 GC heap after
Heap after GC invocations=8 (full 1):
 PSYoungGen      total 212992K, used 11773K [0x00000000d6200000, 0x00000000eb900000, 0x0000000100000000)
  eden space 201216K, 0% used [0x00000000d6200000,0x00000000d6200000,0x00000000e2680000)
  from space 11776K, 99% used [0x00000000e2680000,0x00000000e31ff738,0x00000000e3200000)
  to   space 14848K, 0% used [0x00000000eaa80000,0x00000000eaa80000,0x00000000eb900000)
 ParOldGen       total 58368K, used 13651K [0x0000000082600000, 0x0000000085f00000, 0x00000000d6200000)
  object space 58368K, 23% used [0x0000000082600000,0x0000000083354c58,0x0000000085f00000)
 Metaspace       used 34065K, capacity 35298K, committed 35416K, reserved 1079296K
  class space    used 4383K, capacity 4637K, committed 4696K, reserved 1048576K
}
Event: 5.001 GC heap before
{Heap before GC invocations=9 (full 2):
 PSYoungGen      total 212992K, used 11773K [0x00000000d6200000, 0x00000000eb900000, 0x0000000100000000)
  eden space 201216K, 0% used [0x00000000d6200000,0x00000000d6200000,0x00000000e2680000)
  from space 11776K, 99% used [0x00000000e2680000,0x00000000e31ff738,0x00000000e3200000)
  to   space 14848K, 0% used [0x00000000eaa80000,0x00000000eaa80000,0x00000000eb900000)
 ParOldGen       total 58368K, used 13651K [0x0000000082600000, 0x0000000085f00000, 0x00000000d6200000)
  object space 58368K, 23% used [0x0000000082600000,0x0000000083354c58,0x0000000085f00000)
 Metaspace       used 34065K, capacity 35298K, committed 35416K, reserved 1079296K
  class space    used 4383K, capacity 4637K, committed 4696K, reserved 1048576K
Event: 5.049 GC heap after
Heap after GC invocations=9 (full 2):
 PSYoungGen      total 212992K, used 0K [0x00000000d6200000, 0x00000000eb900000, 0x0000000100000000)
  eden space 201216K, 0% used [0x00000000d6200000,0x00000000d6200000,0x00000000e2680000)
  from space 11776K, 0% used [0x00000000e2680000,0x00000000e2680000,0x00000000e3200000)
  to   space 14848K, 0% used [0x00000000eaa80000,0x00000000eaa80000,0x00000000eb900000)
 ParOldGen       total 93184K, used 18994K [0x0000000082600000, 0x0000000088100000, 0x00000000d6200000)
  object space 93184K, 20% used [0x0000000082600000,0x000000008388cb78,0x0000000088100000)
 Metaspace       used 34065K, capacity 35298K, committed 35416K, reserved 1079296K
  class space    used 4383K, capacity 4637K, committed 4696K, reserved 1048576K
}
Event: 6.013 GC heap before
{Heap before GC invocations=10 (full 2):
 PSYoungGen      total 212992K, used 201203K [0x00000000d6200000, 0x00000000eb900000, 0x0000000100000000)
  eden space 201216K, 99% used [0x00000000d6200000,0x00000000e267cfe0,0x00000000e2680000)
  from space 11776K, 0% used [0x00000000e2680000,0x00000000e2680000,0x00000000e3200000)
  to   space 14848K, 0% used [0x00000000eaa80000,0x00000000eaa80000,0x00000000eb900000)
 ParOldGen       total 93184K, used 18994K [0x0000000082600000, 0x0000000088100000, 0x00000000d6200000)
  object space 93184K, 20% used [0x0000000082600000,0x000000008388cb78,0x0000000088100000)
 Metaspace       used 40691K, capacity 42298K, committed 42456K, reserved 1085440K
  class space    used 5178K, capacity 5499K, committed 5592K, reserved 1048576K
Event: 6.022 GC heap after
Heap after GC invocations=10 (full 2):
 PSYoungGen      total 314880K, used 13078K [0x00000000d6200000, 0x00000000eb780000, 0x0000000100000000)
  eden space 301568K, 0% used [0x00000000d6200000,0x00000000d6200000,0x00000000e8880000)
  from space 13312K, 98% used [0x00000000eaa80000,0x00000000eb745a60,0x00000000eb780000)
  to   space 15872K, 0% used [0x00000000e9880000,0x00000000e9880000,0x00000000ea800000)
 ParOldGen       total 93184K, used 19002K [0x0000000082600000, 0x0000000088100000, 0x00000000d6200000)
  object space 93184K, 20% used [0x0000000082600000,0x000000008388eb78,0x0000000088100000)
 Metaspace       used 40691K, capacity 42298K, committed 42456K, reserved 1085440K
  class space    used 5178K, capacity 5499K, committed 5592K, reserved 1048576K
}
Event: 9.756 GC heap before
{Heap before GC invocations=11 (full 2):
 PSYoungGen      total 314880K, used 314646K [0x00000000d6200000, 0x00000000eb780000, 0x0000000100000000)
  eden space 301568K, 100% used [0x00000000d6200000,0x00000000e8880000,0x00000000e8880000)
  from space 13312K, 98% used [0x00000000eaa80000,0x00000000eb745a60,0x00000000eb780000)
  to   space 15872K, 0% used [0x00000000e9880000,0x00000000e9880000,0x00000000ea800000)
 ParOldGen       total 93184K, used 19002K [0x0000000082600000, 0x0000000088100000, 0x00000000d6200000)
  object space 93184K, 20% used [0x0000000082600000,0x000000008388eb78,0x0000000088100000)
 Metaspace       used 44880K, capacity 46824K, committed 47064K, reserved 1089536K
  class space    used 5744K, capacity 6094K, committed 6104K, reserved 1048576K
Event: 9.769 GC heap after
Heap after GC invocations=11 (full 2):
 PSYoungGen      total 333824K, used 15855K [0x00000000d6200000, 0x00000000efd00000, 0x0000000100000000)
  eden space 317952K, 0% used [0x00000000d6200000,0x00000000d6200000,0x00000000e9880000)
  from space 15872K, 99% used [0x00000000e9880000,0x00000000ea7fbca8,0x00000000ea800000)
  to   space 18944K, 0% used [0x00000000eea80000,0x00000000eea80000,0x00000000efd00000)
 ParOldGen       total 93184K, used 21168K [0x0000000082600000, 0x0000000088100000, 0x00000000d6200000)
  object space 93184K, 22% used [0x0000000082600000,0x0000000083aac1c8,0x0000000088100000)
 Metaspace       used 44880K, capacity 46824K, committed 47064K, reserved 1089536K
  class space    used 5744K, capacity 6094K, committed 6104K, reserved 1048576K
}
Event: 11.485 GC heap before
{Heap before GC invocations=12 (full 2):
 PSYoungGen      total 333824K, used 333807K [0x00000000d6200000, 0x00000000efd00000, 0x0000000100000000)
  eden space 317952K, 100% used [0x00000000d6200000,0x00000000e9880000,0x00000000e9880000)
  from space 15872K, 99% used [0x00000000e9880000,0x00000000ea7fbca8,0x00000000ea800000)
  to   space 18944K, 0% used [0x00000000eea80000,0x00000000eea80000,0x00000000efd00000)
 ParOldGen       total 93184K, used 21168K [0x0000000082600000, 0x0000000088100000, 0x00000000d6200000)
  object space 93184K, 22% used [0x0000000082600000,0x0000000083aac1c8,0x0000000088100000)
 Metaspace       used 55502K, capacity 57588K, committed 57816K, reserved 1099776K
  class space    used 7241K, capacity 7634K, committed 7640K, reserved 1048576K
Event: 11.507 GC heap after
Heap after GC invocations=12 (full 2):
 PSYoungGen      total 336896K, used 18921K [0x00000000d6200000, 0x00000000efd00000, 0x0000000100000000)
  eden space 317952K, 0% used [0x00000000d6200000,0x00000000d6200000,0x00000000e9880000)
  from space 18944K, 99% used [0x00000000eea80000,0x00000000efcfa780,0x00000000efd00000)
  to   space 15872K, 0% used [0x00000000e9880000,0x00000000e9880000,0x00000000ea800000)
 ParOldGen       total 93184K, used 29926K [0x0000000082600000, 0x0000000088100000, 0x00000000d6200000)
  object space 93184K, 32% used [0x0000000082600000,0x0000000084339958,0x0000000088100000)
 Metaspace       used 55502K, capacity 57588K, committed 57816K, reserved 1099776K
  class space    used 7241K, capacity 7634K, committed 7640K, reserved 1048576K
}

