# JRE version: Java(TM) SE Runtime Environment (8.0_51-b16) (build 1.8.0_51-b16)
# Java VM: Java HotSpot(TM) 64-Bit Server VM (25.51-b03 mixed mode windows-amd64 compressed oops)
Heap:
 PSYoungGen      total 439296K, used 108474K [0x00000000d6200000, 0x00000000f4d00000, 0x0000000100000000)
  eden space 419840K, 21% used [0x00000000d6200000,0x00000000db8f6960,0x00000000efc00000)
  from space 19456K, 99% used [0x00000000f1500000,0x00000000f27f80c0,0x00000000f2800000)
  to   space 25600K, 0% used [0x00000000efc00000,0x00000000efc00000,0x00000000f1500000)
 ParOldGen       total 132608K, used 52069K [0x0000000082600000, 0x000000008a780000, 0x00000000d6200000)
  object space 132608K, 39% used [0x0000000082600000,0x00000000858d97c8,0x000000008a780000)
 Metaspace       used 77343K, capacity 80580K, committed 80728K, reserved 1118208K
  class space    used 10451K, capacity 11034K, committed 11096K, reserved 1048576K
GC Heap History (10 events):
Event: 10.812 GC heap before
{Heap before GC invocations=11 (full 2):
 PSYoungGen      total 343040K, used 342874K [0x00000000d6200000, 0x00000000ed580000, 0x0000000100000000)
  eden space 329728K, 100% used [0x00000000d6200000,0x00000000ea400000,0x00000000ea400000)
  from space 13312K, 98% used [0x00000000ec880000,0x00000000ed556960,0x00000000ed580000)
  to   space 15872K, 0% used [0x00000000eb680000,0x00000000eb680000,0x00000000ec600000)
 ParOldGen       total 85504K, used 19077K [0x0000000082600000, 0x0000000087980000, 0x00000000d6200000)
  object space 85504K, 22% used [0x0000000082600000,0x00000000838a14a8,0x0000000087980000)
 Metaspace       used 45098K, capacity 47070K, committed 47192K, reserved 1089536K
  class space    used 5779K, capacity 6131K, committed 6232K, reserved 1048576K
Event: 10.824 GC heap after
Heap after GC invocations=11 (full 2):
 PSYoungGen      total 364544K, used 15841K [0x00000000d6200000, 0x00000000f2800000, 0x0000000100000000)
  eden space 348672K, 0% used [0x00000000d6200000,0x00000000d6200000,0x00000000eb680000)
  from space 15872K, 99% used [0x00000000eb680000,0x00000000ec5f8458,0x00000000ec600000)
  to   space 19456K, 0% used [0x00000000f1500000,0x00000000f1500000,0x00000000f2800000)
 ParOldGen       total 85504K, used 22251K [0x0000000082600000, 0x0000000087980000, 0x00000000d6200000)
  object space 85504K, 26% used [0x0000000082600000,0x0000000083bbae00,0x0000000087980000)
 Metaspace       used 45098K, capacity 47070K, committed 47192K, reserved 1089536K
  class space    used 5779K, capacity 6131K, committed 6232K, reserved 1048576K
}
Event: 13.065 GC heap before
{Heap before GC invocations=12 (full 2):
 PSYoungGen      total 364544K, used 322503K [0x00000000d6200000, 0x00000000f2800000, 0x0000000100000000)
  eden space 348672K, 87% used [0x00000000d6200000,0x00000000e8d79a08,0x00000000eb680000)
  from space 15872K, 99% used [0x00000000eb680000,0x00000000ec5f8458,0x00000000ec600000)
  to   space 19456K, 0% used [0x00000000f1500000,0x00000000f1500000,0x00000000f2800000)
 ParOldGen       total 85504K, used 22251K [0x0000000082600000, 0x0000000087980000, 0x00000000d6200000)
  object space 85504K, 26% used [0x0000000082600000,0x0000000083bbae00,0x0000000087980000)
 Metaspace       used 56625K, capacity 58780K, committed 59028K, reserved 1099776K
  class space    used 7394K, capacity 7812K, committed 7896K, reserved 1048576K
Event: 13.094 GC heap after
Heap after GC invocations=12 (full 2):
 PSYoungGen      total 439296K, used 19428K [0x00000000d6200000, 0x00000000f4d00000, 0x0000000100000000)
  eden space 419840K, 0% used [0x00000000d6200000,0x00000000d6200000,0x00000000efc00000)
  from space 19456K, 99% used [0x00000000f1500000,0x00000000f27f9220,0x00000000f2800000)
  to   space 25600K, 0% used [0x00000000efc00000,0x00000000efc00000,0x00000000f1500000)
 ParOldGen       total 85504K, used 31615K [0x0000000082600000, 0x0000000087980000, 0x00000000d6200000)
  object space 85504K, 36% used [0x0000000082600000,0x00000000844dffe0,0x0000000087980000)
 Metaspace       used 56625K, capacity 58780K, committed 59028K, reserved 1099776K
  class space    used 7394K, capacity 7812K, committed 7896K, reserved 1048576K
}
Event: 13.094 GC heap before
{Heap before GC invocations=13 (full 3):
 PSYoungGen      total 439296K, used 19428K [0x00000000d6200000, 0x00000000f4d00000, 0x0000000100000000)
  eden space 419840K, 0% used [0x00000000d6200000,0x00000000d6200000,0x00000000efc00000)
  from space 19456K, 99% used [0x00000000f1500000,0x00000000f27f9220,0x00000000f2800000)
  to   space 25600K, 0% used [0x00000000efc00000,0x00000000efc00000,0x00000000f1500000)
 ParOldGen       total 85504K, used 31615K [0x0000000082600000, 0x0000000087980000, 0x00000000d6200000)
  object space 85504K, 36% used [0x0000000082600000,0x00000000844dffe0,0x0000000087980000)
 Metaspace       used 56625K, capacity 58780K, committed 59028K, reserved 1099776K
  class space    used 7394K, capacity 7812K, committed 7896K, reserved 1048576K
Event: 13.220 GC heap after
Heap after GC invocations=13 (full 3):
 PSYoungGen      total 439296K, used 0K [0x00000000d6200000, 0x00000000f4d00000, 0x0000000100000000)
  eden space 419840K, 0% used [0x00000000d6200000,0x00000000d6200000,0x00000000efc00000)
  from space 19456K, 0% used [0x00000000f1500000,0x00000000f1500000,0x00000000f2800000)
  to   space 25600K, 0% used [0x00000000efc00000,0x00000000efc00000,0x00000000f1500000)
 ParOldGen       total 132608K, used 43193K [0x0000000082600000, 0x000000008a780000, 0x00000000d6200000)
  object space 132608K, 32% used [0x0000000082600000,0x000000008502e428,0x000000008a780000)
 Metaspace       used 56625K, capacity 58780K, committed 59028K, reserved 1099776K
  class space    used 7394K, capacity 7812K, committed 7896K, reserved 1048576K
}
Event: 16.189 GC heap before
{Heap before GC invocations=14 (full 3):
 PSYoungGen      total 439296K, used 419840K [0x00000000d6200000, 0x00000000f4d00000, 0x0000000100000000)
  eden space 419840K, 100% used [0x00000000d6200000,0x00000000efc00000,0x00000000efc00000)
  from space 19456K, 0% used [0x00000000f1500000,0x00000000f1500000,0x00000000f2800000)
  to   space 25600K, 0% used [0x00000000efc00000,0x00000000efc00000,0x00000000f1500000)
 ParOldGen       total 132608K, used 43193K [0x0000000082600000, 0x000000008a780000, 0x00000000d6200000)
  object space 132608K, 32% used [0x0000000082600000,0x000000008502e428,0x000000008a780000)
 Metaspace       used 65849K, capacity 68612K, committed 68696K, reserved 1107968K
  class space    used 8800K, capacity 9304K, committed 9304K, reserved 1048576K
Event: 16.229 GC heap after
Heap after GC invocations=14 (full 3):
 PSYoungGen      total 445440K, used 20131K [0x00000000d6200000, 0x00000000f4d00000, 0x0000000100000000)
  eden space 419840K, 0% used [0x00000000d6200000,0x00000000d6200000,0x00000000efc00000)
  from space 25600K, 78% used [0x00000000efc00000,0x00000000f0fa8c58,0x00000000f1500000)
  to   space 19456K, 0% used [0x00000000f1500000,0x00000000f1500000,0x00000000f2800000)
 ParOldGen       total 132608K, used 43201K [0x0000000082600000, 0x000000008a780000, 0x00000000d6200000)
  object space 132608K, 32% used [0x0000000082600000,0x0000000085030428,0x000000008a780000)
 Metaspace       used 65849K, capacity 68612K, committed 68696K, reserved 1107968K
  class space    used 8800K, capacity 9304K, committed 9304K, reserved 1048576K
}
Event: 18.870 GC heap before
{Heap before GC invocations=15 (full 3):
 PSYoungGen      total 445440K, used 439971K [0x00000000d6200000, 0x00000000f4d00000, 0x0000000100000000)
  eden space 419840K, 100% used [0x00000000d6200000,0x00000000efc00000,0x00000000efc00000)
  from space 25600K, 78% used [0x00000000efc00000,0x00000000f0fa8c58,0x00000000f1500000)
  to   space 19456K, 0% used [0x00000000f1500000,0x00000000f1500000,0x00000000f2800000)
 ParOldGen       total 132608K, used 43201K [0x0000000082600000, 0x000000008a780000, 0x00000000d6200000)
  object space 132608K, 32% used [0x0000000082600000,0x0000000085030428,0x000000008a780000)
 Metaspace       used 73116K, capacity 76236K, committed 76504K, reserved 1116160K
  class space    used 9873K, capacity 10418K, committed 10456K, reserved 1048576K
Event: 18.886 GC heap after
Heap after GC invocations=15 (full 3):
 PSYoungGen      total 439296K, used 19424K [0x00000000d6200000, 0x00000000f4d00000, 0x0000000100000000)
  eden space 419840K, 0% used [0x00000000d6200000,0x00000000d6200000,0x00000000efc00000)
  from space 19456K, 99% used [0x00000000f1500000,0x00000000f27f80c0,0x00000000f2800000)
  to   space 25600K, 0% used [0x00000000efc00000,0x00000000efc00000,0x00000000f1500000)
 ParOldGen       total 132608K, used 52069K [0x0000000082600000, 0x000000008a780000, 0x00000000d6200000)
  object space 132608K, 39% used [0x0000000082600000,0x00000000858d97c8,0x000000008a780000)
 Metaspace       used 73116K, capacity 76236K, committed 76504K, reserved 1116160K
  class space    used 9873K, capacity 10418K, committed 10456K, reserved 1048576K
}

