# JRE version: Java(TM) SE Runtime Environment (8.0_51-b16) (build 1.8.0_51-b16)
# Java VM: Java HotSpot(TM) 64-Bit Server VM (25.51-b03 mixed mode windows-amd64 compressed oops)
Heap:
 PSYoungGen      total 337408K, used 160620K [0x00000000d6200000, 0x00000000edc80000, 0x0000000100000000)
  eden space 324096K, 45% used [0x00000000d6200000,0x00000000df251e98,0x00000000e9e80000)
  from space 13312K, 96% used [0x00000000ecf80000,0x00000000edc092b8,0x00000000edc80000)
  to   space 15872K, 0% used [0x00000000ebd80000,0x00000000ebd80000,0x00000000ecd00000)
 ParOldGen       total 53760K, used 18995K [0x0000000082600000, 0x0000000085a80000, 0x00000000d6200000)
  object space 53760K, 35% used [0x0000000082600000,0x000000008388cee8,0x0000000085a80000)
 Metaspace       used 43123K, capacity 44942K, committed 45144K, reserved 1089536K
  class space    used 5537K, capacity 5851K, committed 5976K, reserved 1048576K
GC Heap History (10 events):
Event: 4.476 GC heap before
{Heap before GC invocations=6 (full 1):
 PSYoungGen      total 136192K, used 131072K [0x00000000d6200000, 0x00000000dec00000, 0x0000000100000000)
  eden space 131072K, 100% used [0x00000000d6200000,0x00000000de200000,0x00000000de200000)
  from space 5120K, 0% used [0x00000000de700000,0x00000000de700000,0x00000000dec00000)
  to   space 5120K, 0% used [0x00000000de200000,0x00000000de200000,0x00000000de700000)
 ParOldGen       total 53760K, used 7738K [0x0000000082600000, 0x0000000085a80000, 0x00000000d6200000)
  object space 53760K, 14% used [0x0000000082600000,0x0000000082d8e9a0,0x0000000085a80000)
 Metaspace       used 26734K, capacity 27708K, committed 28032K, reserved 1073152K
  class space    used 3392K, capacity 3608K, committed 3712K, reserved 1048576K
Event: 4.488 GC heap after
Heap after GC invocations=6 (full 1):
 PSYoungGen      total 136192K, used 5095K [0x00000000d6200000, 0x00000000e4e80000, 0x0000000100000000)
  eden space 131072K, 0% used [0x00000000d6200000,0x00000000d6200000,0x00000000de200000)
  from space 5120K, 99% used [0x00000000de200000,0x00000000de6f9ec8,0x00000000de700000)
  to   space 10240K, 0% used [0x00000000e4480000,0x00000000e4480000,0x00000000e4e80000)
 ParOldGen       total 53760K, used 11156K [0x0000000082600000, 0x0000000085a80000, 0x00000000d6200000)
  object space 53760K, 20% used [0x0000000082600000,0x00000000830e53a0,0x0000000085a80000)
 Metaspace       used 26734K, capacity 27708K, committed 28032K, reserved 1073152K
  class space    used 3392K, capacity 3608K, committed 3712K, reserved 1048576K
}
Event: 5.170 GC heap before
{Heap before GC invocations=7 (full 1):
 PSYoungGen      total 136192K, used 136167K [0x00000000d6200000, 0x00000000e4e80000, 0x0000000100000000)
  eden space 131072K, 100% used [0x00000000d6200000,0x00000000de200000,0x00000000de200000)
  from space 5120K, 99% used [0x00000000de200000,0x00000000de6f9ec8,0x00000000de700000)
  to   space 10240K, 0% used [0x00000000e4480000,0x00000000e4480000,0x00000000e4e80000)
 ParOldGen       total 53760K, used 11156K [0x0000000082600000, 0x0000000085a80000, 0x00000000d6200000)
  object space 53760K, 20% used [0x0000000082600000,0x00000000830e53a0,0x0000000085a80000)
 Metaspace       used 29181K, capacity 30210K, committed 30336K, reserved 1075200K
  class space    used 3712K, capacity 3959K, committed 3968K, reserved 1048576K
Event: 5.177 GC heap after
Heap after GC invocations=7 (full 1):
 PSYoungGen      total 227840K, used 10220K [0x00000000d6200000, 0x00000000e4e80000, 0x0000000100000000)
  eden space 217600K, 0% used [0x00000000d6200000,0x00000000d6200000,0x00000000e3680000)
  from space 10240K, 99% used [0x00000000e4480000,0x00000000e4e7b340,0x00000000e4e80000)
  to   space 11776K, 0% used [0x00000000e3780000,0x00000000e3780000,0x00000000e4300000)
 ParOldGen       total 53760K, used 11164K [0x0000000082600000, 0x0000000085a80000, 0x00000000d6200000)
  object space 53760K, 20% used [0x0000000082600000,0x00000000830e73a0,0x0000000085a80000)
 Metaspace       used 29181K, capacity 30210K, committed 30336K, reserved 1075200K
  class space    used 3712K, capacity 3959K, committed 3968K, reserved 1048576K
}
Event: 6.029 GC heap before
{Heap before GC invocations=8 (full 1):
 PSYoungGen      total 227840K, used 179463K [0x00000000d6200000, 0x00000000e4e80000, 0x0000000100000000)
  eden space 217600K, 77% used [0x00000000d6200000,0x00000000e0746b60,0x00000000e3680000)
  from space 10240K, 99% used [0x00000000e4480000,0x00000000e4e7b340,0x00000000e4e80000)
  to   space 11776K, 0% used [0x00000000e3780000,0x00000000e3780000,0x00000000e4300000)
 ParOldGen       total 53760K, used 11164K [0x0000000082600000, 0x0000000085a80000, 0x00000000d6200000)
  object space 53760K, 20% used [0x0000000082600000,0x00000000830e73a0,0x0000000085a80000)
 Metaspace       used 34075K, capacity 35302K, committed 35416K, reserved 1079296K
  class space    used 4384K, capacity 4637K, committed 4696K, reserved 1048576K
Event: 6.043 GC heap after
Heap after GC invocations=8 (full 1):
 PSYoungGen      total 230400K, used 11753K [0x00000000d6200000, 0x00000000ede00000, 0x0000000100000000)
  eden space 218624K, 0% used [0x00000000d6200000,0x00000000d6200000,0x00000000e3780000)
  from space 11776K, 99% used [0x00000000e3780000,0x00000000e42fa728,0x00000000e4300000)
  to   space 14848K, 0% used [0x00000000ecf80000,0x00000000ecf80000,0x00000000ede00000)
 ParOldGen       total 53760K, used 13596K [0x0000000082600000, 0x0000000085a80000, 0x00000000d6200000)
  object space 53760K, 25% used [0x0000000082600000,0x00000000833471f0,0x0000000085a80000)
 Metaspace       used 34075K, capacity 35302K, committed 35416K, reserved 1079296K
  class space    used 4384K, capacity 4637K, committed 4696K, reserved 1048576K
}
Event: 6.043 GC heap before
{Heap before GC invocations=9 (full 2):
 PSYoungGen      total 230400K, used 11753K [0x00000000d6200000, 0x00000000ede00000, 0x0000000100000000)
  eden space 218624K, 0% used [0x00000000d6200000,0x00000000d6200000,0x00000000e3780000)
  from space 11776K, 99% used [0x00000000e3780000,0x00000000e42fa728,0x00000000e4300000)
  to   space 14848K, 0% used [0x00000000ecf80000,0x00000000ecf80000,0x00000000ede00000)
 ParOldGen       total 53760K, used 13596K [0x0000000082600000, 0x0000000085a80000, 0x00000000d6200000)
  object space 53760K, 25% used [0x0000000082600000,0x00000000833471f0,0x0000000085a80000)
 Metaspace       used 34075K, capacity 35302K, committed 35416K, reserved 1079296K
  class space    used 4384K, capacity 4637K, committed 4696K, reserved 1048576K
Event: 6.127 GC heap after
Heap after GC invocations=9 (full 2):
 PSYoungGen      total 230400K, used 0K [0x00000000d6200000, 0x00000000ede00000, 0x0000000100000000)
  eden space 218624K, 0% used [0x00000000d6200000,0x00000000d6200000,0x00000000e3780000)
  from space 11776K, 0% used [0x00000000e3780000,0x00000000e3780000,0x00000000e4300000)
  to   space 14848K, 0% used [0x00000000ecf80000,0x00000000ecf80000,0x00000000ede00000)
 ParOldGen       total 53760K, used 18987K [0x0000000082600000, 0x0000000085a80000, 0x00000000d6200000)
  object space 53760K, 35% used [0x0000000082600000,0x000000008388aee8,0x0000000085a80000)
 Metaspace       used 34075K, capacity 35302K, committed 35416K, reserved 1079296K
  class space    used 4384K, capacity 4637K, committed 4696K, reserved 1048576K
}
Event: 7.345 GC heap before
{Heap before GC invocations=10 (full 2):
 PSYoungGen      total 230400K, used 218624K [0x00000000d6200000, 0x00000000ede00000, 0x0000000100000000)
  eden space 218624K, 100% used [0x00000000d6200000,0x00000000e3780000,0x00000000e3780000)
  from space 11776K, 0% used [0x00000000e3780000,0x00000000e3780000,0x00000000e4300000)
  to   space 14848K, 0% used [0x00000000ecf80000,0x00000000ecf80000,0x00000000ede00000)
 ParOldGen       total 53760K, used 18987K [0x0000000082600000, 0x0000000085a80000, 0x00000000d6200000)
  object space 53760K, 35% used [0x0000000082600000,0x000000008388aee8,0x0000000085a80000)
 Metaspace       used 40709K, capacity 42366K, committed 42712K, reserved 1087488K
  class space    used 5178K, capacity 5499K, committed 5592K, reserved 1048576K
Event: 7.355 GC heap after
Heap after GC invocations=10 (full 2):
 PSYoungGen      total 337408K, used 12836K [0x00000000d6200000, 0x00000000edc80000, 0x0000000100000000)
  eden space 324096K, 0% used [0x00000000d6200000,0x00000000d6200000,0x00000000e9e80000)
  from space 13312K, 96% used [0x00000000ecf80000,0x00000000edc092b8,0x00000000edc80000)
  to   space 15872K, 0% used [0x00000000ebd80000,0x00000000ebd80000,0x00000000ecd00000)
 ParOldGen       total 53760K, used 18995K [0x0000000082600000, 0x0000000085a80000, 0x00000000d6200000)
  object space 53760K, 35% used [0x0000000082600000,0x000000008388cee8,0x0000000085a80000)
 Metaspace       used 40709K, capacity 42366K, committed 42712K, reserved 1087488K
  class space    used 5178K, capacity 5499K, committed 5592K, reserved 1048576K
}

