# JRE version: Java(TM) SE Runtime Environment (8.0_51-b16) (build 1.8.0_51-b16)
# Java VM: Java HotSpot(TM) 64-Bit Server VM (25.51-b03 mixed mode windows-amd64 compressed oops)
Heap:
 PSYoungGen      total 290816K, used 202688K [0x00000000d6200000, 0x00000000e9600000, 0x0000000100000000)
  eden space 279552K, 68% used [0x00000000d6200000,0x00000000e1d43298,0x00000000e7300000)
  from space 11264K, 97% used [0x00000000e8b00000,0x00000000e95ace10,0x00000000e9600000)
  to   space 17408K, 5% used [0x00000000e7400000,0x00000000e7500000,0x00000000e8500000)
 ParOldGen       total 83968K, used 32510K [0x0000000082600000, 0x0000000087800000, 0x00000000d6200000)
  object space 83968K, 38% used [0x0000000082600000,0x00000000845bfbf8,0x0000000087800000)
 Metaspace       used 56646K, capacity 58790K, committed 59028K, reserved 1099776K
  class space    used 7395K, capacity 7813K, committed 7896K, reserved 1048576K
GC Heap History (10 events):
Event: 5.383 GC heap before
{Heap before GC invocations=8 (full 1):
 PSYoungGen      total 228864K, used 177209K [0x00000000d6200000, 0x00000000e5300000, 0x0000000100000000)
  eden space 218624K, 76% used [0x00000000d6200000,0x00000000e052b650,0x00000000e3780000)
  from space 10240K, 98% used [0x00000000e4300000,0x00000000e4ce2dc8,0x00000000e4d00000)
  to   space 11776K, 0% used [0x00000000e3780000,0x00000000e3780000,0x00000000e4300000)
 ParOldGen       total 53760K, used 11161K [0x0000000082600000, 0x0000000085a80000, 0x00000000d6200000)
  object space 53760K, 20% used [0x0000000082600000,0x00000000830e6640,0x0000000085a80000)
 Metaspace       used 34068K, capacity 35298K, committed 35416K, reserved 1079296K
  class space    used 4387K, capacity 4637K, committed 4696K, reserved 1048576K
Event: 5.393 GC heap after
Heap after GC invocations=8 (full 1):
 PSYoungGen      total 230400K, used 11763K [0x00000000d6200000, 0x00000000e5300000, 0x0000000100000000)
  eden space 218624K, 0% used [0x00000000d6200000,0x00000000d6200000,0x00000000e3780000)
  from space 11776K, 99% used [0x00000000e3780000,0x00000000e42fcc90,0x00000000e4300000)
  to   space 10240K, 0% used [0x00000000e4300000,0x00000000e4300000,0x00000000e4d00000)
 ParOldGen       total 53760K, used 13694K [0x0000000082600000, 0x0000000085a80000, 0x00000000d6200000)
  object space 53760K, 25% used [0x0000000082600000,0x000000008335fa68,0x0000000085a80000)
 Metaspace       used 34068K, capacity 35298K, committed 35416K, reserved 1079296K
  class space    used 4387K, capacity 4637K, committed 4696K, reserved 1048576K
}
Event: 5.393 GC heap before
{Heap before GC invocations=9 (full 2):
 PSYoungGen      total 230400K, used 11763K [0x00000000d6200000, 0x00000000e5300000, 0x0000000100000000)
  eden space 218624K, 0% used [0x00000000d6200000,0x00000000d6200000,0x00000000e3780000)
  from space 11776K, 99% used [0x00000000e3780000,0x00000000e42fcc90,0x00000000e4300000)
  to   space 10240K, 0% used [0x00000000e4300000,0x00000000e4300000,0x00000000e4d00000)
 ParOldGen       total 53760K, used 13694K [0x0000000082600000, 0x0000000085a80000, 0x00000000d6200000)
  object space 53760K, 25% used [0x0000000082600000,0x000000008335fa68,0x0000000085a80000)
 Metaspace       used 34068K, capacity 35298K, committed 35416K, reserved 1079296K
  class space    used 4387K, capacity 4637K, committed 4696K, reserved 1048576K
Event: 5.448 GC heap after
Heap after GC invocations=9 (full 2):
 PSYoungGen      total 230400K, used 0K [0x00000000d6200000, 0x00000000e5300000, 0x0000000100000000)
  eden space 218624K, 0% used [0x00000000d6200000,0x00000000d6200000,0x00000000e3780000)
  from space 11776K, 0% used [0x00000000e3780000,0x00000000e3780000,0x00000000e4300000)
  to   space 10240K, 0% used [0x00000000e4300000,0x00000000e4300000,0x00000000e4d00000)
 ParOldGen       total 83968K, used 19061K [0x0000000082600000, 0x0000000087800000, 0x00000000d6200000)
  object space 83968K, 22% used [0x0000000082600000,0x000000008389d7b0,0x0000000087800000)
 Metaspace       used 34068K, capacity 35298K, committed 35416K, reserved 1079296K
  class space    used 4387K, capacity 4637K, committed 4696K, reserved 1048576K
}
Event: 6.500 GC heap before
{Heap before GC invocations=10 (full 2):
 PSYoungGen      total 230400K, used 218624K [0x00000000d6200000, 0x00000000e5300000, 0x0000000100000000)
  eden space 218624K, 100% used [0x00000000d6200000,0x00000000e3780000,0x00000000e3780000)
  from space 11776K, 0% used [0x00000000e3780000,0x00000000e3780000,0x00000000e4300000)
  to   space 10240K, 0% used [0x00000000e4300000,0x00000000e4300000,0x00000000e4d00000)
 ParOldGen       total 83968K, used 19061K [0x0000000082600000, 0x0000000087800000, 0x00000000d6200000)
  object space 83968K, 22% used [0x0000000082600000,0x000000008389d7b0,0x0000000087800000)
 Metaspace       used 40686K, capacity 42298K, committed 42456K, reserved 1085440K
  class space    used 5179K, capacity 5499K, committed 5592K, reserved 1048576K
Event: 6.507 GC heap after
Heap after GC invocations=10 (full 2):
 PSYoungGen      total 228864K, used 10219K [0x00000000d6200000, 0x00000000e5300000, 0x0000000100000000)
  eden space 218624K, 0% used [0x00000000d6200000,0x00000000d6200000,0x00000000e3780000)
  from space 10240K, 99% used [0x00000000e4300000,0x00000000e4cfaf38,0x00000000e4d00000)
  to   space 11776K, 0% used [0x00000000e3780000,0x00000000e3780000,0x00000000e4300000)
 ParOldGen       total 83968K, used 21678K [0x0000000082600000, 0x0000000087800000, 0x00000000d6200000)
  object space 83968K, 25% used [0x0000000082600000,0x0000000083b2bb80,0x0000000087800000)
 Metaspace       used 40686K, capacity 42298K, committed 42456K, reserved 1085440K
  class space    used 5179K, capacity 5499K, committed 5592K, reserved 1048576K
}
Event: 7.532 GC heap before
{Heap before GC invocations=11 (full 2):
 PSYoungGen      total 228864K, used 228843K [0x00000000d6200000, 0x00000000e5300000, 0x0000000100000000)
  eden space 218624K, 100% used [0x00000000d6200000,0x00000000e3780000,0x00000000e3780000)
  from space 10240K, 99% used [0x00000000e4300000,0x00000000e4cfaf38,0x00000000e4d00000)
  to   space 11776K, 0% used [0x00000000e3780000,0x00000000e3780000,0x00000000e4300000)
 ParOldGen       total 83968K, used 21678K [0x0000000082600000, 0x0000000087800000, 0x00000000d6200000)
  object space 83968K, 25% used [0x0000000082600000,0x0000000083b2bb80,0x0000000087800000)
 Metaspace       used 44375K, capacity 46272K, committed 46552K, reserved 1089536K
  class space    used 5689K, capacity 6024K, committed 6104K, reserved 1048576K
Event: 7.542 GC heap after
Heap after GC invocations=11 (full 2):
 PSYoungGen      total 230400K, used 11770K [0x00000000d6200000, 0x00000000e9c80000, 0x0000000100000000)
  eden space 218624K, 0% used [0x00000000d6200000,0x00000000d6200000,0x00000000e3780000)
  from space 11776K, 99% used [0x00000000e3780000,0x00000000e42fea20,0x00000000e4300000)
  to   space 17920K, 0% used [0x00000000e8b00000,0x00000000e8b00000,0x00000000e9c80000)
 ParOldGen       total 83968K, used 25752K [0x0000000082600000, 0x0000000087800000, 0x00000000d6200000)
  object space 83968K, 30% used [0x0000000082600000,0x0000000083f26300,0x0000000087800000)
 Metaspace       used 44375K, capacity 46272K, committed 46552K, reserved 1089536K
  class space    used 5689K, capacity 6024K, committed 6104K, reserved 1048576K
}
Event: 10.664 GC heap before
{Heap before GC invocations=12 (full 2):
 PSYoungGen      total 230400K, used 230394K [0x00000000d6200000, 0x00000000e9c80000, 0x0000000100000000)
  eden space 218624K, 100% used [0x00000000d6200000,0x00000000e3780000,0x00000000e3780000)
  from space 11776K, 99% used [0x00000000e3780000,0x00000000e42fea20,0x00000000e4300000)
  to   space 17920K, 0% used [0x00000000e8b00000,0x00000000e8b00000,0x00000000e9c80000)
 ParOldGen       total 83968K, used 25752K [0x0000000082600000, 0x0000000087800000, 0x00000000d6200000)
  object space 83968K, 30% used [0x0000000082600000,0x0000000083f26300,0x0000000087800000)
 Metaspace       used 46375K, capacity 48406K, committed 48600K, reserved 1091584K
  class space    used 5971K, capacity 6327K, committed 6360K, reserved 1048576K
Event: 10.676 GC heap after
Heap after GC invocations=12 (full 2):
 PSYoungGen      total 290816K, used 10931K [0x00000000d6200000, 0x00000000e9600000, 0x0000000100000000)
  eden space 279552K, 0% used [0x00000000d6200000,0x00000000d6200000,0x00000000e7300000)
  from space 11264K, 97% used [0x00000000e8b00000,0x00000000e95ace10,0x00000000e9600000)
  to   space 17408K, 0% used [0x00000000e7400000,0x00000000e7400000,0x00000000e8500000)
 ParOldGen       total 83968K, used 32510K [0x0000000082600000, 0x0000000087800000, 0x00000000d6200000)
  object space 83968K, 38% used [0x0000000082600000,0x00000000845bfbf8,0x0000000087800000)
 Metaspace       used 46375K, capacity 48406K, committed 48600K, reserved 1091584K
  class space    used 5971K, capacity 6327K, committed 6360K, reserved 1048576K
}

